[0/1] cd /home/aini/PX4-Autopilot/build/px4_sitl_default/src/modules/simulation/gz_bridge && /usr/bin/cmake -E env PX4_SIM_MODEL=gz_x500 /home/aini/PX4-Autopilot/build/px4_sitl_default/bin/px4

______  __   __    ___ 
| ___ \ \ \ / /   /   |
| |_/ /  \ V /   / /| |
|  __/   /   \  / /_| |
| |     / /^\ \ \___  |
\_|     \/   \/     |_/

px4 starting.

INFO  [px4] startup script: /bin/sh etc/init.d-posix/rcS 0
INFO  [init] found model autostart file as SYS_AUTOSTART=4001
INFO  [param] selected parameter default file parameters.bson
INFO  [param] selected parameter backup file parameters_backup.bson
  SYS_AUTOCONFIG: curr: 0 -> new: 1
  SYS_AUTOSTART: curr: 0 -> new: 4001
  CAL_ACC0_ID: curr: 0 -> new: 1310988
  CAL_GYRO0_ID: curr: 0 -> new: 1310988
  CAL_ACC1_ID: curr: 0 -> new: 1310996
  CAL_GYRO1_ID: curr: 0 -> new: 1310996
  CAL_ACC2_ID: curr: 0 -> new: 1311004
  CAL_GYRO2_ID: curr: 0 -> new: 1311004
  CAL_MAG0_ID: curr: 0 -> new: 197388
  CAL_MAG0_PRIO: curr: -1 -> new: 50
  CAL_MAG1_ID: curr: 0 -> new: 197644
  CAL_MAG1_PRIO: curr: -1 -> new: 50
  SENS_BOARD_X_OFF: curr: 0.0000 -> new: 0.0000
  SENS_DPRES_OFF: curr: 0.0000 -> new: 0.0010
INFO  [dataman] data manager file './dataman' size is 7872608 bytes
INFO  [init] Gazebo simulator
INFO  [init] gazebo already running world: default
WARN  [init] PX4_GZ_MODEL_POSE not set, spawning at origin.
INFO  [lockstep_scheduler] setting initial absolute time to 191324000 us
INFO  [gz_bridge] world: default, model name: x500_0, simulation model: x500
INFO  [gz_bridge] Requested Model Position: 0,0,0,0,0,0
INFO  [gz_bridge] Model position z is less or equal 0.0, moving upwards
INFO  [commander] LED: open /dev/led0 failed (22)
WARN  [health_and_arming_checks] Preflight Fail: ekf2 missing data
WARN  [health_and_arming_checks] Preflight Fail: No connection to the ground control station	
INFO  [uxrce_dds_client] init UDP agent IP:127.0.0.1, port:8888
INFO  [tone_alarm] home set
INFO  [mavlink] mode: Normal, data rate: 4000000 B/s on udp port 18570 remote port 14550
INFO  [mavlink] mode: Onboard, data rate: 4000000 B/s on udp port 14580 remote port 14540
INFO  [mavlink] mode: Onboard, data rate: 4000 B/s on udp port 14280 remote port 14030
INFO  [mavlink] mode: Gimbal, data rate: 400000 B/s on udp port 13030 remote port 13280
INFO  [logger] logger started (mode=all)
INFO  [logger] Start file log (type: full)
INFO  [logger] [logger] ./log/2025-01-11/05_22_11.ulg	
INFO  [logger] Opened full log file: ./log/2025-01-11/05_22_11.ulg
INFO  [mavlink] MAVLink only on localhost (set param MAV_{i}_BROADCAST = 1 to enable network)
INFO  [mavlink] MAVLink only on localhost (set param MAV_{i}_BROADCAST = 1 to enable network)
INFO  [px4] Startup script returned successfully
pxh> WARN  [health_and_arming_checks] Preflight Fail: No connection to the ground control station	
WARN  [health_and_arming_checks] Preflight Fail: No connection to the ground control station	
WARN  [health_and_arming_checks] Preflight: GPS Vertical Pos Drift too high
WARN  [health_and_arming_checks] Preflight Fail: No connection to the ground control station	
WARN  [health_and_arming_checks] Preflight Fail: No connection to the ground control station	
